# JRE version: OpenJDK Runtime Environment Microsoft-8035250 (11.0.20+8) (build 11.0.20+8-LTS)
# Java VM: OpenJDK 64-Bit Server VM Microsoft-8035250 (11.0.20+8-LTS, mixed mode, tiered, compressed oops, g1 gc, windows-amd64)
Heap:
 garbage-first heap   total 61440K, used 33278K [0x0000000080000000, 0x0000000100000000)
  region size 1024K, 17 young (17408K), 2 survivors (2048K)
 Metaspace       used 24133K, capacity 24699K, committed 24832K, reserved 538624K
  class space    used 2963K, capacity 3203K, committed 3328K, reserved 516096K
GC Heap History (14 events):
Event: 6.669 GC heap before
{Heap before GC invocations=0 (full 0):
 garbage-first heap   total 61440K, used 13312K [0x0000000080000000, 0x0000000100000000)
  region size 1024K, 14 young (14336K), 0 survivors (0K)
 Metaspace       used 6802K, capacity 6993K, committed 7168K, reserved 524288K
  class space    used 574K, capacity 650K, committed 768K, reserved 516096K
}
Event: 6.828 GC heap after
{Heap after GC invocations=1 (full 0):
 garbage-first heap   total 61440K, used 4285K [0x0000000080000000, 0x0000000100000000)
  region size 1024K, 2 young (2048K), 2 survivors (2048K)
 Metaspace       used 6802K, capacity 6993K, committed 7168K, reserved 524288K
  class space    used 574K, capacity 650K, committed 768K, reserved 516096K
}
Event: 12.693 GC heap before
{Heap before GC invocations=1 (full 0):
 garbage-first heap   total 61440K, used 24765K [0x0000000080000000, 0x0000000100000000)
  region size 1024K, 18 young (18432K), 2 survivors (2048K)
 Metaspace       used 10697K, capacity 10911K, committed 11264K, reserved 526336K
  class space    used 1099K, capacity 1173K, committed 1280K, reserved 516096K
}
Event: 12.700 GC heap after
{Heap after GC invocations=2 (full 0):
 garbage-first heap   total 61440K, used 10665K [0x0000000080000000, 0x0000000100000000)
  region size 1024K, 3 young (3072K), 3 survivors (3072K)
 Metaspace       used 10697K, capacity 10911K, committed 11264K, reserved 526336K
  class space    used 1099K, capacity 1173K, committed 1280K, reserved 516096K
}
Event: 18.444 GC heap before
{Heap before GC invocations=2 (full 0):
 garbage-first heap   total 61440K, used 29097K [0x0000000080000000, 0x0000000100000000)
  region size 1024K, 22 young (22528K), 3 survivors (3072K)
 Metaspace       used 10945K, capacity 11203K, committed 11520K, reserved 526336K
  class space    used 1115K, capacity 1206K, committed 1280K, reserved 516096K
}
Event: 18.450 GC heap after
{Heap after GC invocations=3 (full 0):
 garbage-first heap   total 61440K, used 11077K [0x0000000080000000, 0x0000000100000000)
  region size 1024K, 1 young (1024K), 1 survivors (1024K)
 Metaspace       used 10945K, capacity 11203K, committed 11520K, reserved 526336K
  class space    used 1115K, capacity 1206K, committed 1280K, reserved 516096K
}
Event: 23.691 GC heap before
{Heap before GC invocations=3 (full 0):
 garbage-first heap   total 61440K, used 36677K [0x0000000080000000, 0x0000000100000000)
  region size 1024K, 26 young (26624K), 1 survivors (1024K)
 Metaspace       used 13297K, capacity 13643K, committed 13952K, reserved 528384K
  class space    used 1432K, capacity 1553K, committed 1664K, reserved 516096K
}
Event: 23.701 GC heap after
{Heap after GC invocations=4 (full 0):
 garbage-first heap   total 61440K, used 16084K [0x0000000080000000, 0x0000000100000000)
  region size 1024K, 4 young (4096K), 4 survivors (4096K)
 Metaspace       used 13297K, capacity 13643K, committed 13952K, reserved 528384K
  class space    used 1432K, capacity 1553K, committed 1664K, reserved 516096K
}
Event: 43.432 GC heap before
{Heap before GC invocations=4 (full 0):
 garbage-first heap   total 61440K, used 37588K [0x0000000080000000, 0x0000000100000000)
  region size 1024K, 25 young (25600K), 4 survivors (4096K)
 Metaspace       used 19083K, capacity 19491K, committed 19840K, reserved 534528K
  class space    used 2173K, capacity 2308K, committed 2432K, reserved 516096K
}
Event: 43.548 GC heap after
{Heap after GC invocations=5 (full 0):
 garbage-first heap   total 61440K, used 17769K [0x0000000080000000, 0x0000000100000000)
  region size 1024K, 2 young (2048K), 2 survivors (2048K)
 Metaspace       used 19083K, capacity 19491K, committed 19840K, reserved 534528K
  class space    used 2173K, capacity 2308K, committed 2432K, reserved 516096K
}
Event: 45.227 GC heap before
{Heap before GC invocations=5 (full 0):
 garbage-first heap   total 61440K, used 26985K [0x0000000080000000, 0x0000000100000000)
  region size 1024K, 12 young (12288K), 2 survivors (2048K)
 Metaspace       used 20567K, capacity 21004K, committed 21248K, reserved 536576K
  class space    used 2392K, capacity 2543K, committed 2560K, reserved 516096K
}
Event: 45.236 GC heap after
{Heap after GC invocations=6 (full 0):
 garbage-first heap   total 61440K, used 18366K [0x0000000080000000, 0x0000000100000000)
  region size 1024K, 1 young (1024K), 1 survivors (1024K)
 Metaspace       used 20567K, capacity 21004K, committed 21248K, reserved 536576K
  class space    used 2392K, capacity 2543K, committed 2560K, reserved 516096K
}
Event: 48.564 GC heap before
{Heap before GC invocations=7 (full 0):
 garbage-first heap   total 61440K, used 37822K [0x0000000080000000, 0x0000000100000000)
  region size 1024K, 21 young (21504K), 1 survivors (1024K)
 Metaspace       used 22497K, capacity 22950K, committed 23168K, reserved 536576K
  class space    used 2700K, capacity 2852K, committed 2944K, reserved 516096K
}
Event: 48.572 GC heap after
{Heap after GC invocations=8 (full 0):
 garbage-first heap   total 61440K, used 18942K [0x0000000080000000, 0x0000000100000000)
  region size 1024K, 2 young (2048K), 2 survivors (2048K)
 Metaspace       used 22497K, capacity 22950K, committed 23168K, reserved 536576K
  class space    used 2700K, capacity 2852K, committed 2944K, reserved 516096K
}

