# JRE version: OpenJDK Runtime Environment Microsoft-8035250 (11.0.20+8) (build 11.0.20+8-LTS)
# Java VM: OpenJDK 64-Bit Server VM Microsoft-8035250 (11.0.20+8-LTS, mixed mode, tiered, compressed oops, g1 gc, windows-amd64)
Heap:
 garbage-first heap   total 65536K, used 12814K [0x00000000fc000000, 0x0000000100000000)
  region size 1024K, 2 young (2048K), 1 survivors (1024K)
 Metaspace       used 17438K, capacity 17751K, committed 17920K, reserved 1064960K
  class space    used 1891K, capacity 2027K, committed 2048K, reserved 1048576K
GC Heap History (6 events):
Event: 7.622 GC heap before
{Heap before GC invocations=0 (full 0):
 garbage-first heap   total 65536K, used 13312K [0x00000000fc000000, 0x0000000100000000)
  region size 1024K, 14 young (14336K), 0 survivors (0K)
 Metaspace       used 7878K, capacity 8017K, committed 8192K, reserved 1056768K
  class space    used 692K, capacity 754K, committed 768K, reserved 1048576K
}
Event: 7.911 GC heap after
{Heap after GC invocations=1 (full 0):
 garbage-first heap   total 65536K, used 3376K [0x00000000fc000000, 0x0000000100000000)
  region size 1024K, 2 young (2048K), 2 survivors (2048K)
 Metaspace       used 7878K, capacity 8017K, committed 8192K, reserved 1056768K
  class space    used 692K, capacity 754K, committed 768K, reserved 1048576K
}
Event: 235.173 GC heap before
{Heap before GC invocations=1 (full 0):
 garbage-first heap   total 65536K, used 43312K [0x00000000fc000000, 0x0000000100000000)
  region size 1024K, 38 young (38912K), 2 survivors (2048K)
 Metaspace       used 17248K, capacity 17553K, committed 17664K, reserved 1064960K
  class space    used 1877K, capacity 2026K, committed 2048K, reserved 1048576K
}
Event: 235.968 GC heap after
{Heap after GC invocations=2 (full 0):
 garbage-first heap   total 65536K, used 12657K [0x00000000fc000000, 0x0000000100000000)
  region size 1024K, 5 young (5120K), 5 survivors (5120K)
 Metaspace       used 17248K, capacity 17553K, committed 17664K, reserved 1064960K
  class space    used 1877K, capacity 2026K, committed 2048K, reserved 1048576K
}
Event: 524.616 GC heap before
{Heap before GC invocations=2 (full 0):
 garbage-first heap   total 65536K, used 13681K [0x00000000fc000000, 0x0000000100000000)
  region size 1024K, 6 young (6144K), 5 survivors (5120K)
 Metaspace       used 17418K, capacity 17751K, committed 17920K, reserved 1064960K
  class space    used 1891K, capacity 2027K, committed 2048K, reserved 1048576K
}
Event: 524.734 GC heap after
{Heap after GC invocations=3 (full 0):
 garbage-first heap   total 65536K, used 12814K [0x00000000fc000000, 0x0000000100000000)
  region size 1024K, 1 young (1024K), 1 survivors (1024K)
 Metaspace       used 17418K, capacity 17751K, committed 17920K, reserved 1064960K
  class space    used 1891K, capacity 2027K, committed 2048K, reserved 1048576K
}

