# JRE version: OpenJDK Runtime Environment Microsoft-8035250 (11.0.20+8) (build 11.0.20+8-LTS)
# Java VM: OpenJDK 64-Bit Server VM Microsoft-8035250 (11.0.20+8-LTS, mixed mode, tiered, compressed oops, g1 gc, windows-amd64)
Heap:
 garbage-first heap   total 61440K, used 23331K [0x00000000c4000000, 0x0000000100000000)
  region size 1024K, 14 young (14336K), 3 survivors (3072K)
 Metaspace       used 30625K, capacity 31094K, committed 31232K, reserved 1077248K
  class space    used 3588K, capacity 3764K, committed 3840K, reserved 1048576K
GC Heap History (8 events):
Event: 3.488 GC heap before
{Heap before GC invocations=0 (full 0):
 garbage-first heap   total 61440K, used 17408K [0x00000000c4000000, 0x0000000100000000)
  region size 1024K, 14 young (14336K), 0 survivors (0K)
 Metaspace       used 9881K, capacity 9970K, committed 10112K, reserved 1058816K
  class space    used 825K, capacity 853K, committed 896K, reserved 1048576K
}
Event: 3.632 GC heap after
{Heap after GC invocations=1 (full 0):
 garbage-first heap   total 61440K, used 5397K [0x00000000c4000000, 0x0000000100000000)
  region size 1024K, 2 young (2048K), 2 survivors (2048K)
 Metaspace       used 9881K, capacity 9970K, committed 10112K, reserved 1058816K
  class space    used 825K, capacity 853K, committed 896K, reserved 1048576K
}
Event: 8.430 GC heap before
{Heap before GC invocations=1 (full 0):
 garbage-first heap   total 61440K, used 40213K [0x00000000c4000000, 0x0000000100000000)
  region size 1024K, 36 young (36864K), 2 survivors (2048K)
 Metaspace       used 17664K, capacity 17834K, committed 18048K, reserved 1064960K
  class space    used 1748K, capacity 1799K, committed 1920K, reserved 1048576K
}
Event: 8.446 GC heap after
{Heap after GC invocations=2 (full 0):
 garbage-first heap   total 61440K, used 8713K [0x00000000c4000000, 0x0000000100000000)
  region size 1024K, 5 young (5120K), 5 survivors (5120K)
 Metaspace       used 17664K, capacity 17834K, committed 18048K, reserved 1064960K
  class space    used 1748K, capacity 1799K, committed 1920K, reserved 1048576K
}
Event: 12.540 GC heap before
{Heap before GC invocations=2 (full 0):
 garbage-first heap   total 61440K, used 19977K [0x00000000c4000000, 0x0000000100000000)
  region size 1024K, 17 young (17408K), 5 survivors (5120K)
 Metaspace       used 20989K, capacity 21182K, committed 21248K, reserved 1069056K
  class space    used 2199K, capacity 2280K, committed 2304K, reserved 1048576K
}
Event: 12.557 GC heap after
{Heap after GC invocations=3 (full 0):
 garbage-first heap   total 61440K, used 9761K [0x00000000c4000000, 0x0000000100000000)
  region size 1024K, 1 young (1024K), 1 survivors (1024K)
 Metaspace       used 20989K, capacity 21182K, committed 21248K, reserved 1069056K
  class space    used 2199K, capacity 2280K, committed 2304K, reserved 1048576K
}
Event: 18.135 GC heap before
{Heap before GC invocations=4 (full 0):
 garbage-first heap   total 61440K, used 34337K [0x00000000c4000000, 0x0000000100000000)
  region size 1024K, 23 young (23552K), 1 survivors (1024K)
 Metaspace       used 27752K, capacity 28191K, committed 28288K, reserved 1075200K
  class space    used 2969K, capacity 3138K, committed 3200K, reserved 1048576K
}
Event: 18.171 GC heap after
{Heap after GC invocations=5 (full 0):
 garbage-first heap   total 61440K, used 14115K [0x00000000c4000000, 0x0000000100000000)
  region size 1024K, 3 young (3072K), 3 survivors (3072K)
 Metaspace       used 27752K, capacity 28191K, committed 28288K, reserved 1075200K
  class space    used 2969K, capacity 3138K, committed 3200K, reserved 1048576K
}

