# JRE version: OpenJDK Runtime Environment Microsoft-8035250 (11.0.20+8) (build 11.0.20+8-LTS)
# Java VM: OpenJDK 64-Bit Server VM Microsoft-8035250 (11.0.20+8-LTS, mixed mode, tiered, compressed oops, g1 gc, windows-amd64)
Heap:
 garbage-first heap   total 77824K, used 58202K [0x00000000c4000000, 0x0000000100000000)
  region size 1024K, 1 young (1024K), 1 survivors (1024K)
 Metaspace       used 72771K, capacity 73628K, committed 73728K, reserved 1124352K
  class space    used 8020K, capacity 8376K, committed 8448K, reserved 1048576K
GC Heap History (20 events):
Event: 49.910 GC heap before
{Heap before GC invocations=20 (full 0):
 garbage-first heap   total 61440K, used 49352K [0x00000000c4000000, 0x0000000100000000)
  region size 1024K, 15 young (15360K), 2 survivors (2048K)
 Metaspace       used 59787K, capacity 60541K, committed 60800K, reserved 1103872K
  class space    used 6975K, capacity 7290K, committed 7296K, reserved 1048576K
}
Event: 50.006 GC heap after
{Heap after GC invocations=21 (full 0):
 garbage-first heap   total 61440K, used 38218K [0x00000000c4000000, 0x0000000100000000)
  region size 1024K, 2 young (2048K), 2 survivors (2048K)
 Metaspace       used 59787K, capacity 60541K, committed 60800K, reserved 1103872K
  class space    used 6975K, capacity 7290K, committed 7296K, reserved 1048576K
}
Event: 53.004 GC heap before
{Heap before GC invocations=21 (full 0):
 garbage-first heap   total 61440K, used 49482K [0x00000000c4000000, 0x0000000100000000)
  region size 1024K, 13 young (13312K), 2 survivors (2048K)
 Metaspace       used 60092K, capacity 60830K, committed 61184K, reserved 1103872K
  class space    used 6978K, capacity 7322K, committed 7424K, reserved 1048576K
}
Event: 53.074 GC heap after
{Heap after GC invocations=22 (full 0):
 garbage-first heap   total 61440K, used 40452K [0x00000000c4000000, 0x0000000100000000)
  region size 1024K, 2 young (2048K), 2 survivors (2048K)
 Metaspace       used 60092K, capacity 60830K, committed 61184K, reserved 1103872K
  class space    used 6978K, capacity 7322K, committed 7424K, reserved 1048576K
}
Event: 60.425 GC heap before
{Heap before GC invocations=23 (full 0):
 garbage-first heap   total 61440K, used 50692K [0x00000000c4000000, 0x0000000100000000)
  region size 1024K, 12 young (12288K), 2 survivors (2048K)
 Metaspace       used 60194K, capacity 60959K, committed 61184K, reserved 1103872K
  class space    used 6979K, capacity 7322K, committed 7424K, reserved 1048576K
}
Event: 60.459 GC heap after
{Heap after GC invocations=24 (full 0):
 garbage-first heap   total 61440K, used 42549K [0x00000000c4000000, 0x0000000100000000)
  region size 1024K, 2 young (2048K), 2 survivors (2048K)
 Metaspace       used 60194K, capacity 60959K, committed 61184K, reserved 1103872K
  class space    used 6979K, capacity 7322K, committed 7424K, reserved 1048576K
}
Event: 61.665 GC heap before
{Heap before GC invocations=24 (full 0):
 garbage-first heap   total 61440K, used 50741K [0x00000000c4000000, 0x0000000100000000)
  region size 1024K, 10 young (10240K), 2 survivors (2048K)
 Metaspace       used 60317K, capacity 61151K, committed 61440K, reserved 1103872K
  class space    used 6979K, capacity 7322K, committed 7424K, reserved 1048576K
}
Event: 61.704 GC heap after
{Heap after GC invocations=25 (full 0):
 garbage-first heap   total 77824K, used 44133K [0x00000000c4000000, 0x0000000100000000)
  region size 1024K, 2 young (2048K), 2 survivors (2048K)
 Metaspace       used 60317K, capacity 61151K, committed 61440K, reserved 1103872K
  class space    used 6979K, capacity 7322K, committed 7424K, reserved 1048576K
}
Event: 62.797 GC heap before
{Heap before GC invocations=26 (full 0):
 garbage-first heap   total 77824K, used 56421K [0x00000000c4000000, 0x0000000100000000)
  region size 1024K, 14 young (14336K), 2 survivors (2048K)
 Metaspace       used 60614K, capacity 61417K, committed 61696K, reserved 1103872K
  class space    used 7010K, capacity 7326K, committed 7424K, reserved 1048576K
}
Event: 62.816 GC heap after
{Heap after GC invocations=27 (full 0):
 garbage-first heap   total 77824K, used 46437K [0x00000000c4000000, 0x0000000100000000)
  region size 1024K, 2 young (2048K), 2 survivors (2048K)
 Metaspace       used 60614K, capacity 61417K, committed 61696K, reserved 1103872K
  class space    used 7010K, capacity 7326K, committed 7424K, reserved 1048576K
}
Event: 64.579 GC heap before
{Heap before GC invocations=27 (full 0):
 garbage-first heap   total 77824K, used 58725K [0x00000000c4000000, 0x0000000100000000)
  region size 1024K, 14 young (14336K), 2 survivors (2048K)
 Metaspace       used 61777K, capacity 62604K, committed 62848K, reserved 1103872K
  class space    used 7134K, capacity 7465K, committed 7552K, reserved 1048576K
}
Event: 64.595 GC heap after
{Heap after GC invocations=28 (full 0):
 garbage-first heap   total 77824K, used 47788K [0x00000000c4000000, 0x0000000100000000)
  region size 1024K, 2 young (2048K), 2 survivors (2048K)
 Metaspace       used 61777K, capacity 62604K, committed 62848K, reserved 1103872K
  class space    used 7134K, capacity 7465K, committed 7552K, reserved 1048576K
}
Event: 65.593 GC heap before
{Heap before GC invocations=29 (full 0):
 garbage-first heap   total 77824K, used 60076K [0x00000000c4000000, 0x0000000100000000)
  region size 1024K, 14 young (14336K), 2 survivors (2048K)
 Metaspace       used 62453K, capacity 63292K, committed 63360K, reserved 1105920K
  class space    used 7192K, capacity 7542K, committed 7552K, reserved 1048576K
}
Event: 65.607 GC heap after
{Heap after GC invocations=30 (full 0):
 garbage-first heap   total 77824K, used 48704K [0x00000000c4000000, 0x0000000100000000)
  region size 1024K, 1 young (1024K), 1 survivors (1024K)
 Metaspace       used 62453K, capacity 63292K, committed 63360K, reserved 1105920K
  class space    used 7192K, capacity 7542K, committed 7552K, reserved 1048576K
}
Event: 67.140 GC heap before
{Heap before GC invocations=30 (full 0):
 garbage-first heap   total 77824K, used 59968K [0x00000000c4000000, 0x0000000100000000)
  region size 1024K, 13 young (13312K), 1 survivors (1024K)
 Metaspace       used 63542K, capacity 64334K, committed 64512K, reserved 1105920K
  class space    used 7304K, capacity 7655K, committed 7680K, reserved 1048576K
}
Event: 67.152 GC heap after
{Heap after GC invocations=31 (full 0):
 garbage-first heap   total 77824K, used 50423K [0x00000000c4000000, 0x0000000100000000)
  region size 1024K, 2 young (2048K), 2 survivors (2048K)
 Metaspace       used 63542K, capacity 64334K, committed 64512K, reserved 1105920K
  class space    used 7304K, capacity 7655K, committed 7680K, reserved 1048576K
}
Event: 68.853 GC heap before
{Heap before GC invocations=32 (full 0):
 garbage-first heap   total 77824K, used 61687K [0x00000000c4000000, 0x0000000100000000)
  region size 1024K, 13 young (13312K), 2 survivors (2048K)
 Metaspace       used 64845K, capacity 65644K, committed 65920K, reserved 1107968K
  class space    used 7379K, capacity 7725K, committed 7808K, reserved 1048576K
}
Event: 68.873 GC heap after
{Heap after GC invocations=33 (full 0):
 garbage-first heap   total 77824K, used 52093K [0x00000000c4000000, 0x0000000100000000)
  region size 1024K, 2 young (2048K), 2 survivors (2048K)
 Metaspace       used 64845K, capacity 65644K, committed 65920K, reserved 1107968K
  class space    used 7379K, capacity 7725K, committed 7808K, reserved 1048576K
}
Event: 70.115 GC heap before
{Heap before GC invocations=33 (full 0):
 garbage-first heap   total 77824K, used 62333K [0x00000000c4000000, 0x0000000100000000)
  region size 1024K, 12 young (12288K), 2 survivors (2048K)
 Metaspace       used 65742K, capacity 66608K, committed 66688K, reserved 1107968K
  class space    used 7410K, capacity 7765K, committed 7808K, reserved 1048576K
}
Event: 70.128 GC heap after
{Heap after GC invocations=34 (full 0):
 garbage-first heap   total 77824K, used 53213K [0x00000000c4000000, 0x0000000100000000)
  region size 1024K, 2 young (2048K), 2 survivors (2048K)
 Metaspace       used 65742K, capacity 66608K, committed 66688K, reserved 1107968K
  class space    used 7410K, capacity 7765K, committed 7808K, reserved 1048576K
}

