# JRE version: OpenJDK Runtime Environment Microsoft-8035250 (11.0.20+8) (build 11.0.20+8-LTS)
# Java VM: OpenJDK 64-Bit Server VM Microsoft-8035250 (11.0.20+8-LTS, mixed mode, tiered, compressed oops, g1 gc, windows-amd64)
Heap:
 garbage-first heap   total 61440K, used 31455K [0x0000000080000000, 0x0000000100000000)
  region size 1024K, 15 young (15360K), 2 survivors (2048K)
 Metaspace       used 24188K, capacity 24762K, committed 25008K, reserved 538624K
  class space    used 2977K, capacity 3203K, committed 3328K, reserved 516096K
GC Heap History (14 events):
Event: 8.292 GC heap before
{Heap before GC invocations=0 (full 0):
 garbage-first heap   total 61440K, used 13312K [0x0000000080000000, 0x0000000100000000)
  region size 1024K, 14 young (14336K), 0 survivors (0K)
 Metaspace       used 6823K, capacity 7057K, committed 7424K, reserved 524288K
  class space    used 574K, capacity 650K, committed 768K, reserved 516096K
}
Event: 8.643 GC heap after
{Heap after GC invocations=1 (full 0):
 garbage-first heap   total 61440K, used 4285K [0x0000000080000000, 0x0000000100000000)
  region size 1024K, 2 young (2048K), 2 survivors (2048K)
 Metaspace       used 6823K, capacity 7057K, committed 7424K, reserved 524288K
  class space    used 574K, capacity 650K, committed 768K, reserved 516096K
}
Event: 12.926 GC heap before
{Heap before GC invocations=1 (full 0):
 garbage-first heap   total 61440K, used 19645K [0x0000000080000000, 0x0000000100000000)
  region size 1024K, 13 young (13312K), 2 survivors (2048K)
 Metaspace       used 9979K, capacity 10186K, committed 10368K, reserved 526336K
  class space    used 1014K, capacity 1102K, committed 1152K, reserved 516096K
}
Event: 12.932 GC heap after
{Heap after GC invocations=2 (full 0):
 garbage-first heap   total 61440K, used 10522K [0x0000000080000000, 0x0000000100000000)
  region size 1024K, 2 young (2048K), 2 survivors (2048K)
 Metaspace       used 9979K, capacity 10186K, committed 10368K, reserved 526336K
  class space    used 1014K, capacity 1102K, committed 1152K, reserved 516096K
}
Event: 19.105 GC heap before
{Heap before GC invocations=2 (full 0):
 garbage-first heap   total 61440K, used 31002K [0x0000000080000000, 0x0000000100000000)
  region size 1024K, 22 young (22528K), 2 survivors (2048K)
 Metaspace       used 10959K, capacity 11203K, committed 11520K, reserved 526336K
  class space    used 1115K, capacity 1206K, committed 1280K, reserved 516096K
}
Event: 19.110 GC heap after
{Heap after GC invocations=3 (full 0):
 garbage-first heap   total 61440K, used 11029K [0x0000000080000000, 0x0000000100000000)
  region size 1024K, 1 young (1024K), 1 survivors (1024K)
 Metaspace       used 10959K, capacity 11203K, committed 11520K, reserved 526336K
  class space    used 1115K, capacity 1206K, committed 1280K, reserved 516096K
}
Event: 22.965 GC heap before
{Heap before GC invocations=3 (full 0):
 garbage-first heap   total 61440K, used 33557K [0x0000000080000000, 0x0000000100000000)
  region size 1024K, 23 young (23552K), 1 survivors (1024K)
 Metaspace       used 11314K, capacity 11547K, committed 11776K, reserved 528384K
  class space    used 1193K, capacity 1278K, committed 1280K, reserved 516096K
}
Event: 22.972 GC heap after
{Heap after GC invocations=4 (full 0):
 garbage-first heap   total 61440K, used 15292K [0x0000000080000000, 0x0000000100000000)
  region size 1024K, 3 young (3072K), 3 survivors (3072K)
 Metaspace       used 11314K, capacity 11547K, committed 11776K, reserved 528384K
  class space    used 1193K, capacity 1278K, committed 1280K, reserved 516096K
}
Event: 43.748 GC heap before
{Heap before GC invocations=4 (full 0):
 garbage-first heap   total 61440K, used 37820K [0x0000000080000000, 0x0000000100000000)
  region size 1024K, 25 young (25600K), 3 survivors (3072K)
 Metaspace       used 17878K, capacity 18224K, committed 18304K, reserved 532480K
  class space    used 2017K, capacity 2141K, committed 2176K, reserved 516096K
}
Event: 43.969 GC heap after
{Heap after GC invocations=5 (full 0):
 garbage-first heap   total 61440K, used 17527K [0x0000000080000000, 0x0000000100000000)
  region size 1024K, 3 young (3072K), 3 survivors (3072K)
 Metaspace       used 17878K, capacity 18224K, committed 18304K, reserved 532480K
  class space    used 2017K, capacity 2141K, committed 2176K, reserved 516096K
}
Event: 47.338 GC heap before
{Heap before GC invocations=5 (full 0):
 garbage-first heap   total 61440K, used 34935K [0x0000000080000000, 0x0000000100000000)
  region size 1024K, 22 young (22528K), 3 survivors (3072K)
 Metaspace       used 20724K, capacity 21196K, committed 21552K, reserved 536576K
  class space    used 2428K, capacity 2607K, committed 2688K, reserved 516096K
}
Event: 47.349 GC heap after
{Heap after GC invocations=6 (full 0):
 garbage-first heap   total 61440K, used 18386K [0x0000000080000000, 0x0000000100000000)
  region size 1024K, 1 young (1024K), 1 survivors (1024K)
 Metaspace       used 20724K, capacity 21196K, committed 21552K, reserved 536576K
  class space    used 2428K, capacity 2607K, committed 2688K, reserved 516096K
}
Event: 51.759 GC heap before
{Heap before GC invocations=7 (full 0):
 garbage-first heap   total 61440K, used 39890K [0x0000000080000000, 0x0000000100000000)
  region size 1024K, 23 young (23552K), 1 survivors (1024K)
 Metaspace       used 23264K, capacity 23888K, committed 23984K, reserved 538624K
  class space    used 2813K, capacity 3039K, committed 3072K, reserved 516096K
}
Event: 51.765 GC heap after
{Heap after GC invocations=8 (full 0):
 garbage-first heap   total 61440K, used 19167K [0x0000000080000000, 0x0000000100000000)
  region size 1024K, 2 young (2048K), 2 survivors (2048K)
 Metaspace       used 23264K, capacity 23888K, committed 23984K, reserved 538624K
  class space    used 2813K, capacity 3039K, committed 3072K, reserved 516096K
}

