# JRE version: OpenJDK Runtime Environment Microsoft-8035250 (11.0.20+8) (build 11.0.20+8-LTS)
# Java VM: OpenJDK 64-Bit Server VM Microsoft-8035250 (11.0.20+8-LTS, mixed mode, tiered, compressed oops, g1 gc, windows-amd64)
Heap:
 garbage-first heap   total 61440K, used 26415K [0x0000000080000000, 0x0000000100000000)
  region size 1024K, 10 young (10240K), 2 survivors (2048K)
 Metaspace       used 23935K, capacity 24502K, committed 24624K, reserved 538624K
  class space    used 2924K, capacity 3139K, committed 3200K, reserved 516096K
GC Heap History (14 events):
Event: 8.127 GC heap before
{Heap before GC invocations=0 (full 0):
 garbage-first heap   total 61440K, used 13312K [0x0000000080000000, 0x0000000100000000)
  region size 1024K, 14 young (14336K), 0 survivors (0K)
 Metaspace       used 6812K, capacity 6989K, committed 7168K, reserved 524288K
  class space    used 574K, capacity 650K, committed 768K, reserved 516096K
}
Event: 8.138 GC heap after
{Heap after GC invocations=1 (full 0):
 garbage-first heap   total 61440K, used 4285K [0x0000000080000000, 0x0000000100000000)
  region size 1024K, 2 young (2048K), 2 survivors (2048K)
 Metaspace       used 6812K, capacity 6989K, committed 7168K, reserved 524288K
  class space    used 574K, capacity 650K, committed 768K, reserved 516096K
}
Event: 12.777 GC heap before
{Heap before GC invocations=1 (full 0):
 garbage-first heap   total 61440K, used 20669K [0x0000000080000000, 0x0000000100000000)
  region size 1024K, 14 young (14336K), 2 survivors (2048K)
 Metaspace       used 10012K, capacity 10246K, committed 10368K, reserved 526336K
  class space    used 1014K, capacity 1102K, committed 1152K, reserved 516096K
}
Event: 12.784 GC heap after
{Heap after GC invocations=2 (full 0):
 garbage-first heap   total 61440K, used 10548K [0x0000000080000000, 0x0000000100000000)
  region size 1024K, 2 young (2048K), 2 survivors (2048K)
 Metaspace       used 10012K, capacity 10246K, committed 10368K, reserved 526336K
  class space    used 1014K, capacity 1102K, committed 1152K, reserved 516096K
}
Event: 18.526 GC heap before
{Heap before GC invocations=2 (full 0):
 garbage-first heap   total 61440K, used 32052K [0x0000000080000000, 0x0000000100000000)
  region size 1024K, 23 young (23552K), 2 survivors (2048K)
 Metaspace       used 10948K, capacity 11199K, committed 11520K, reserved 526336K
  class space    used 1115K, capacity 1206K, committed 1280K, reserved 516096K
}
Event: 18.531 GC heap after
{Heap after GC invocations=3 (full 0):
 garbage-first heap   total 61440K, used 11157K [0x0000000080000000, 0x0000000100000000)
  region size 1024K, 1 young (1024K), 1 survivors (1024K)
 Metaspace       used 10948K, capacity 11199K, committed 11520K, reserved 526336K
  class space    used 1115K, capacity 1206K, committed 1280K, reserved 516096K
}
Event: 21.464 GC heap before
{Heap before GC invocations=3 (full 0):
 garbage-first heap   total 61440K, used 35733K [0x0000000080000000, 0x0000000100000000)
  region size 1024K, 24 young (24576K), 1 survivors (1024K)
 Metaspace       used 11429K, capacity 11703K, committed 11904K, reserved 528384K
  class space    used 1220K, capacity 1310K, committed 1408K, reserved 516096K
}
Event: 21.472 GC heap after
{Heap after GC invocations=4 (full 0):
 garbage-first heap   total 61440K, used 15453K [0x0000000080000000, 0x0000000100000000)
  region size 1024K, 3 young (3072K), 3 survivors (3072K)
 Metaspace       used 11429K, capacity 11703K, committed 11904K, reserved 528384K
  class space    used 1220K, capacity 1310K, committed 1408K, reserved 516096K
}
Event: 39.594 GC heap before
{Heap before GC invocations=4 (full 0):
 garbage-first heap   total 61440K, used 37981K [0x0000000080000000, 0x0000000100000000)
  region size 1024K, 25 young (25600K), 3 survivors (3072K)
 Metaspace       used 18471K, capacity 18809K, committed 18944K, reserved 534528K
  class space    used 2088K, capacity 2209K, committed 2304K, reserved 516096K
}
Event: 39.764 GC heap after
{Heap after GC invocations=5 (full 0):
 garbage-first heap   total 61440K, used 17957K [0x0000000080000000, 0x0000000100000000)
  region size 1024K, 3 young (3072K), 3 survivors (3072K)
 Metaspace       used 18471K, capacity 18809K, committed 18944K, reserved 534528K
  class space    used 2088K, capacity 2209K, committed 2304K, reserved 516096K
}
Event: 41.921 GC heap before
{Heap before GC invocations=5 (full 0):
 garbage-first heap   total 61440K, used 31269K [0x0000000080000000, 0x0000000100000000)
  region size 1024K, 18 young (18432K), 3 survivors (3072K)
 Metaspace       used 20653K, capacity 21130K, committed 21296K, reserved 536576K
  class space    used 2414K, capacity 2607K, committed 2688K, reserved 516096K
}
Event: 41.930 GC heap after
{Heap after GC invocations=6 (full 0):
 garbage-first heap   total 61440K, used 18629K [0x0000000080000000, 0x0000000100000000)
  region size 1024K, 1 young (1024K), 1 survivors (1024K)
 Metaspace       used 20653K, capacity 21130K, committed 21296K, reserved 536576K
  class space    used 2414K, capacity 2607K, committed 2688K, reserved 516096K
}
Event: 47.601 GC heap before
{Heap before GC invocations=7 (full 0):
 garbage-first heap   total 61440K, used 40133K [0x0000000080000000, 0x0000000100000000)
  region size 1024K, 23 young (23552K), 1 survivors (1024K)
 Metaspace       used 23015K, capacity 23614K, committed 23984K, reserved 538624K
  class space    used 2766K, capacity 2992K, committed 3072K, reserved 516096K
}
Event: 47.618 GC heap after
{Heap after GC invocations=8 (full 0):
 garbage-first heap   total 61440K, used 19247K [0x0000000080000000, 0x0000000100000000)
  region size 1024K, 2 young (2048K), 2 survivors (2048K)
 Metaspace       used 23015K, capacity 23614K, committed 23984K, reserved 538624K
  class space    used 2766K, capacity 2992K, committed 3072K, reserved 516096K
}

